<?xml version="1.0" encoding="UTF-8"?>
<testng-results ignored="0" total="1" passed="1" failed="0" skipped="0">
  <reporter-output>
  </reporter-output>
  <suite started-at="2025-04-09T12:00:58 IST" name="Default suite" finished-at="2025-04-09T12:08:36 IST" duration-ms="458175">
    <groups>
    </groups>
    <test started-at="2025-04-09T12:00:58 IST" name="Default test" finished-at="2025-04-09T12:08:36 IST" duration-ms="458175">
      <class name="extentreports.AddScreenshotIntoReport">
        <test-method signature="addScreenshot()[pri:0, instance:extentreports.AddScreenshotIntoReport@6771beb3]" started-at="2025-04-09T12:00:58 IST" name="addScreenshot" finished-at="2025-04-09T12:08:36 IST" duration-ms="458025" status="PASS">
          <reporter-output>
          </reporter-output>
        </test-method> <!-- addScreenshot -->
      </class> <!-- extentreports.AddScreenshotIntoReport -->
    </test> <!-- Default test -->
  </suite> <!-- Default suite -->
</testng-results>
